{
  "heros": [
    {
      "idx": 17,
      "nm": "大乔",
      "dsp": "大乔",
      "lv": 96,
      "exp": 115415,
      "intl": 135,
      "strg": 84,
      "chrm": 139,
      "attk": 21223,
      "dfnc": 7147,
      "spd": 324,
      "hp": 82701,
      "mxHp": 82701,
      "mor": 0,
      "army": "弩骑兵",
      "amftLvs": [
        96,
        96,
        96,
        96,
        1
      ],
      "x": 0,
      "y": 0,
      "skill": "国色",
      "clr": "GOL",
      "star": 5,
      "phs": 3,
      "armm": [
        1,
        1,
        0,
        0
      ],
      "trss": [
        {
          "no": 3
        },
        {
          "no": 2
        },
        {
          "no": 1
        },
        {
          "no": 4
        },
        {
          "no": 8
        },
        {
          "no": 7
        },
        {
          "no": 5
        },
        {
          "no": 6
        },
        {
          "no": 12
        },
        {
          "no": 10
        },
        {
          "no": 11
        },
        {
          "no": 9
        },
        {
          "no": 14
        },
        {
          "no": 16
        },
        {
          "no": 13
        },
        {
          "no": 15
        },
        {
          "no": 18
        },
        {
          "no": 17
        },
        {
          "no": 20
        },
        {
          "no": 19
        }
      ],
      "power": 28349,
      "cfd": 8040,
      "flags": 0,
      "talentInfo": {
        "point": 0,
        "level": 100,
        "talents": [
          {
            "type": "军略",
            "level": 10
          },
          {
            "type": "兵备",
            "level": 10
          },
          {
            "type": "学识",
            "level": 10
          },
          {
            "type": "保守",
            "level": 8
          },
          {
            "type": "夺势",
            "level": 8
          },
          {
            "type": "协力",
            "level": 10
          }
        ]
      },
      "afi": {
        "sta": "NULL",
        "col": "GRE",
        "lvl": 0
      }
    },
    {
      "idx": 40,
      "nm": "张辽",
      "dsp": "张辽",
      "lv": 95,
      "exp": 4514,
      "intl": 121,
      "strg": 124,
      "chrm": 128,
      "attk": 18798,
      "dfnc": 11964,
      "spd": 385,
      "hp": 93840,
      "mxHp": 93840,
      "mor": 0,
      "army": "重骑兵",
      "amftLvs": [
        60,
        60,
        60,
        65,
        1
      ],
      "x": 0,
      "y": 0,
      "skill": "破军",
      "clr": "GOL",
      "star": 5,
      "phs": 3,
      "armm": [
        0,
        0,
        0,
        0
      ],
      "trss": [
        {
          "no": 5
        },
        {
          "no": 8
        },
        {
          "no": 7
        },
        {
          "no": 6
        },
        {
          "no": 1
        },
        {
          "no": 4
        },
        {
          "no": 2
        },
        {
          "no": 3
        },
        {
          "no": 16
        },
        {
          "no": 14
        },
        {
          "no": 15
        },
        {
          "no": 13
        },
        {
          "no": 20
        },
        {
          "no": 17
        },
        {
          "no": 19
        },
        {
          "no": 18
        },
        {
          "no": 11
        },
        {
          "no": 12
        },
        {
          "no": 9
        }
      ],
      "power": 30589,
      "cfd": 9107,
      "flags": 0,
      "talentInfo": {
        "point": 0,
        "level": 50,
        "talents": [
          {
            "type": "学识",
            "level": 10
          },
          {
            "type": "协力",
            "level": 10
          },
          {
            "type": "保守",
            "level": 5
          },
          {
            "type": "夺势",
            "level": 3
          },
          {
            "type": "勇武",
            "level": 1
          }
        ]
      },
      "afi": {
        "sta": "STR",
        "col": "GRE",
        "lvl": 10
      }
    },
    {
      "idx": 23,
      "nm": "赵云",
      "dsp": "赵云",
      "lv": 96,
      "exp": 950,
      "intl": 130,
      "strg": 141,
      "chrm": 123,
      "attk": 16671,
      "dfnc": 8743,
      "spd": 397,
      "hp": 95540,
      "mxHp": 95540,
      "mor": 0,
      "army": "陷阵兵",
      "amftLvs": [
        92,
        92,
        92,
        92,
        1
      ],
      "x": 0,
      "y": 0,
      "skill": "无双",
      "clr": "GOL",
      "star": 5,
      "phs": 3,
      "armm": [
        1,
        1,
        0,
        0
      ],
      "trss": [
        {
          "no": 1
        },
        {
          "no": 2
        },
        {
          "no": 3
        },
        {
          "no": 4
        },
        {
          "no": 5
        },
        {
          "no": 7
        },
        {
          "no": 6
        },
        {
          "no": 8
        },
        {
          "no": 9
        },
        {
          "no": 12
        },
        {
          "no": 13
        },
        {
          "no": 16
        },
        {
          "no": 14
        },
        {
          "no": 15
        },
        {
          "no": 11
        },
        {
          "no": 17
        },
        {
          "no": 18
        },
        {
          "no": 10
        },
        {
          "no": 19
        },
        {
          "no": 20
        }
      ],
      "power": 27689,
      "cfd": 9226,
      "flags": 0,
      "talentInfo": {
        "point": 1,
        "level": 100,
        "talents": [
          {
            "type": "学识",
            "level": 10
          },
          {
            "type": "协力",
            "level": 10
          },
          {
            "type": "军略",
            "level": 10
          },
          {
            "type": "兵备",
            "level": 6
          },
          {
            "type": "勇武",
            "level": 10
          },
          {
            "type": "军纪",
            "level": 6
          },
          {
            "type": "保守",
            "level": 5
          },
          {
            "type": "夺势",
            "level": 3
          }
        ]
      },
      "afi": {
        "sta": "STR",
        "col": "GRE",
        "lvl": 10
      }
    },
    {
      "idx": 46,
      "nm": "孙策",
      "dsp": "孙策",
      "lv": 96,
      "exp": 641,
      "intl": 115,
      "strg": 139,
      "chrm": 140,
      "attk": 21826,
      "dfnc": 6814,
      "spd": 372,
      "hp": 96990,
      "mxHp": 96990,
      "mor": 0,
      "army": "禁卫军",
      "amftLvs": [
        85,
        85,
        85,
        85,
        1
      ],
      "x": 0,
      "y": 0,
      "skill": "霸王",
      "clr": "GOL",
      "star": 5,
      "phs": 3,
      "armm": [
        1,
        1,
        0,
        0
      ],
      "trss": [
        {
          "no": 1
        },
        {
          "no": 4
        },
        {
          "no": 2
        },
        {
          "no": 3
        },
        {
          "no": 5
        },
        {
          "no": 7
        },
        {
          "no": 8
        },
        {
          "no": 6
        },
        {
          "no": 9
        },
        {
          "no": 13
        },
        {
          "no": 16
        },
        {
          "no": 14
        },
        {
          "no": 15
        },
        {
          "no": 11
        },
        {
          "no": 17
        },
        {
          "no": 12
        },
        {
          "no": 18
        },
        {
          "no": 19
        },
        {
          "no": 20
        },
        {
          "no": 10
        }
      ],
      "power": 29410,
      "cfd": 9133,
      "flags": 0,
      "talentInfo": {
        "point": 0,
        "level": 89,
        "talents": [
          {
            "type": "军略",
            "level": 10
          },
          {
            "type": "将才",
            "level": 10
          },
          {
            "type": "兵备",
            "level": 8
          },
          {
            "type": "军纪",
            "level": 7
          },
          {
            "type": "学识",
            "level": 10
          },
          {
            "type": "保守",
            "level": 1
          },
          {
            "type": "勇武",
            "level": 10
          }
        ]
      },
      "afi": {
        "sta": "STR",
        "col": "GRE",
        "lvl": 10
      }
    },
    {
      "idx": 9,
      "nm": "周瑜",
      "dsp": "周瑜",
      "lv": 96,
      "exp": 4757,
      "intl": 150,
      "strg": 126,
      "chrm": 143,
      "attk": 35849,
      "dfnc": 11304,
      "spd": 365,
      "hp": 114253,
      "mxHp": 114253,
      "mor": 0,
      "army": "弩骑兵",
      "amftLvs": [
        96,
        96,
        96,
        96,
        1
      ],
      "x": 0,
      "y": 0,
      "skill": "炎诛",
      "clr": "GOL",
      "star": 5,
      "phs": 3,
      "armm": [
        1,
        1,
        0,
        0
      ],
      "trss": [
        {
          "no": 2
        },
        {
          "no": 3
        },
        {
          "no": 1
        },
        {
          "no": 4
        },
        {
          "no": 5
        },
        {
          "no": 7
        },
        {
          "no": 8
        },
        {
          "no": 6
        },
        {
          "no": 15
        },
        {
          "no": 16
        },
        {
          "no": 14
        },
        {
          "no": 10
        },
        {
          "no": 12
        },
        {
          "no": 13
        },
        {
          "no": 9
        },
        {
          "no": 11
        },
        {
          "no": 18
        },
        {
          "no": 19
        },
        {
          "no": 17
        },
        {
          "no": 20
        },
        {
          "no": 21
        },
        {
          "no": 22
        },
        {
          "no": 24
        }
      ],
      "power": 42906,
      "cfd": 10143,
      "flags": 0,
      "talentInfo": {
        "point": 0,
        "level": 100,
        "talents": [
          {
            "type": "学识",
            "level": 10
          },
          {
            "type": "协力",
            "level": 10
          },
          {
            "type": "军略",
            "level": 10
          },
          {
            "type": "兵备",
            "level": 1
          },
          {
            "type": "勇武",
            "level": 10
          },
          {
            "type": "破神",
            "level": 5
          },
          {
            "type": "保守",
            "level": 6
          },
          {
            "type": "夺势",
            "level": 6
          },
          {
            "type": "专攻",
            "level": 4
          }
        ]
      },
      "afi": {
        "sta": "STR",
        "col": "PUR",
        "lvl": 30
      }
    },
    {
      "idx": 15,
      "nm": "关羽",
      "dsp": "关羽",
      "lv": 96,
      "exp": 119303,
      "intl": 134,
      "strg": 169,
      "chrm": 154,
      "attk": 32118,
      "dfnc": 14569,
      "spd": 437,
      "hp": 164957,
      "mxHp": 164957,
      "mor": 0,
      "army": "重骑兵",
      "amftLvs": [
        96,
        96,
        96,
        96,
        1
      ],
      "x": 0,
      "y": 0,
      "skill": "极武",
      "clr": "GOL",
      "star": 5,
      "phs": 3,
      "armm": [
        1,
        1,
        0,
        0
      ],
      "trss": [
        {
          "no": 1
        },
        {
          "no": 4
        },
        {
          "no": 2
        },
        {
          "no": 3
        },
        {
          "no": 5
        },
        {
          "no": 8
        },
        {
          "no": 7
        },
        {
          "no": 6
        },
        {
          "no": 10
        },
        {
          "no": 11
        },
        {
          "no": 9
        },
        {
          "no": 12
        },
        {
          "no": 16
        },
        {
          "no": 13
        },
        {
          "no": 15
        },
        {
          "no": 14
        },
        {
          "no": 18
        },
        {
          "no": 17
        },
        {
          "no": 19
        },
        {
          "no": 20
        },
        {
          "no": 24
        },
        {
          "no": 21
        },
        {
          "no": 22
        },
        {
          "no": 23
        }
      ],
      "power": 47927,
      "cfd": 13874,
      "flags": 0,
      "talentInfo": {
        "point": 0,
        "level": 100,
        "talents": [
          {
            "type": "学识",
            "level": 10
          },
          {
            "type": "军略",
            "level": 10
          },
          {
            "type": "勇武",
            "level": 10
          },
          {
            "type": "协力",
            "level": 10
          },
          {
            "type": "保守",
            "level": 5
          },
          {
            "type": "夺势",
            "level": 1
          },
          {
            "type": "兵备",
            "level": 5
          },
          {
            "type": "军纪",
            "level": 5
          },
          {
            "type": "破神",
            "level": 1
          },
          {
            "type": "专攻",
            "level": 5
          }
        ]
      },
      "afi": {
        "sta": "STR",
        "col": "GOL",
        "lvl": 36
      }
    },
    {
      "idx": 32,
      "nm": "夏侯惇",
      "dsp": "夏侯惇",
      "lv": 96,
      "exp": 2676,
      "intl": 96,
      "strg": 115,
      "chrm": 112,
      "attk": 9364,
      "dfnc": 5947,
      "spd": 221,
      "hp": 62616,
      "mxHp": 62616,
      "mor": 0,
      "army": "陷阵兵",
      "amftLvs": [
        78,
        78,
        76,
        60,
        1
      ],
      "x": 0,
      "y": 0,
      "skill": "逆鳞",
      "clr": "GOL",
      "star": 5,
      "phs": 1,
      "armm": [
        1,
        0,
        0,
        0
      ],
      "trss": [
        {
          "no": 1
        },
        {
          "no": 3
        },
        {
          "no": 2
        },
        {
          "no": 5
        },
        {
          "no": 7
        },
        {
          "no": 8
        },
        {
          "no": 6
        },
        {
          "no": 4
        }
      ],
      "power": 16772,
      "cfd": 6821,
      "flags": 0,
      "talentInfo": {
        "point": 40,
        "level": 50,
        "talents": [
          {
            "type": "学识",
            "level": 5
          },
          {
            "type": "协力",
            "level": 2
          },
          {
            "type": "军略",
            "level": 1
          }
        ]
      },
      "afi": {
        "sta": "NULL",
        "col": "GRE",
        "lvl": 0
      }
    },
    {
      "idx": 38,
      "nm": "甘宁",
      "dsp": "甘宁",
      "lv": 96,
      "exp": 1012,
      "intl": 110,
      "strg": 120,
      "chrm": 120,
      "attk": 14985,
      "dfnc": 6502,
      "spd": 285,
      "hp": 69577,
      "mxHp": 69577,
      "mor": 0,
      "army": "丹阳兵",
      "amftLvs": [
        77,
        77,
        77,
        56,
        1
      ],
      "x": 0,
      "y": 0,
      "skill": "夜袭",
      "clr": "GOL",
      "star": 5,
      "phs": 2,
      "armm": [
        0,
        0,
        0,
        0
      ],
      "trss": [
        {
          "no": 5
        },
        {
          "no": 7
        },
        {
          "no": 8
        },
        {
          "no": 6
        },
        {
          "no": 11
        },
        {
          "no": 10
        },
        {
          "no": 4
        },
        {
          "no": 1
        },
        {
          "no": 2
        },
        {
          "no": 3
        },
        {
          "no": 13
        },
        {
          "no": 16
        },
        {
          "no": 14
        },
        {
          "no": 15
        }
      ],
      "power": 21719,
      "cfd": 7255,
      "flags": 0,
      "talentInfo": {
        "point": 0,
        "level": 50,
        "talents": [
          {
            "type": "学识",
            "level": 10
          },
          {
            "type": "协力",
            "level": 10
          },
          {
            "type": "军略",
            "level": 5
          },
          {
            "type": "兵备",
            "level": 5
          },
          {
            "type": "军纪",
            "level": 1
          },
          {
            "type": "勇武",
            "level": 2
          }
        ]
      },
      "afi": {
        "sta": "STR",
        "col": "GRE",
        "lvl": 10
      }
    },
    {
      "idx": 7,
      "nm": "文丑",
      "dsp": "文丑",
      "lv": 80,
      "exp": 37115,
      "intl": 82,
      "strg": 105,
      "chrm": 91,
      "attk": 6577,
      "dfnc": 2028,
      "spd": 79,
      "hp": 27778,
      "mxHp": 27778,
      "mor": 0,
      "army": "游骑兵",
      "amftLvs": [
        44,
        44,
        1,
        1,
        1
      ],
      "x": 0,
      "y": 0,
      "skill": "地刺",
      "clr": "BLU",
      "star": 4,
      "phs": 0,
      "armm": [
        0,
        0,
        0,
        0
      ],
      "power": 8334,
      "cfd": 3082,
      "flags": 0,
      "talentInfo": {
        "point": 0,
        "level": 0,
        "talents": []
      },
      "afi": {
        "sta": "NULL",
        "col": "GRE",
        "lvl": 0
      }
    },
    {
      "idx": 13,
      "nm": "小乔",
      "dsp": "小乔",
      "lv": 96,
      "exp": 7487,
      "intl": 125,
      "strg": 81,
      "chrm": 119,
      "attk": 16439,
      "dfnc": 5749,
      "spd": 241,
      "hp": 56197,
      "mxHp": 56197,
      "mor": 0,
      "army": "弩骑兵",
      "amftLvs": [
        50,
        50,
        75,
        50,
        1
      ],
      "x": 0,
      "y": 0,
      "skill": "天香",
      "clr": "GOL",
      "star": 5,
      "phs": 3,
      "armm": [
        0,
        0,
        0,
        0
      ],
      "trss": [
        {
          "no": 7
        },
        {
          "no": 5
        },
        {
          "no": 8
        }
      ],
      "power": 20751,
      "cfd": 6273,
      "flags": 0,
      "talentInfo": {
        "point": 0,
        "level": 50,
        "talents": [
          {
            "type": "学识",
            "level": 10
          },
          {
            "type": "协力",
            "level": 10
          },
          {
            "type": "军略",
            "level": 10
          },
          {
            "type": "兵备",
            "level": 5
          }
        ]
      },
      "afi": {
        "sta": "NULL",
        "col": "GRE",
        "lvl": 0
      }
    },
    {
      "idx": 30,
      "nm": "黄盖",
      "dsp": "黄盖",
      "lv": 1,
      "exp": 0,
      "intl": 89,
      "strg": 102,
      "chrm": 92,
      "attk": 1991,
      "dfnc": 874,
      "spd": 50,
      "hp": 14961,
      "mxHp": 14961,
      "mor": 0,
      "army": "丹阳兵",
      "amftLvs": [
        1,
        1,
        1,
        1,
        1
      ],
      "x": 0,
      "y": 0,
      "skill": "自燃",
      "clr": "WHI",
      "star": 4,
      "phs": 0,
      "armm": [
        0,
        0,
        0,
        0
      ],
      "power": 3225,
      "cfd": 1047,
      "flags": 0,
      "talentInfo": {
        "point": 0,
        "level": 0,
        "talents": []
      },
      "afi": {
        "sta": "NULL",
        "col": "GRE",
        "lvl": 0
      }
    },
    {
      "idx": 36,
      "nm": "庞统",
      "dsp": "庞统",
      "lv": 80,
      "exp": 6270,
      "intl": 113,
      "strg": 80,
      "chrm": 100,
      "attk": 4179,
      "dfnc": 1333,
      "spd": 56,
      "hp": 17853,
      "mxHp": 17853,
      "mor": 0,
      "army": "重弩兵",
      "amftLvs": [
        1,
        1,
        1,
        1,
        1
      ],
      "x": 0,
      "y": 0,
      "skill": "连锁",
      "clr": "WHI",
      "star": 4,
      "phs": 0,
      "armm": [
        0,
        0,
        0,
        0
      ],
      "power": 5122,
      "cfd": 1985,
      "flags": 0,
      "talentInfo": {
        "point": 0,
        "level": 0,
        "talents": []
      },
      "afi": {
        "sta": "NULL",
        "col": "GRE",
        "lvl": 0
      }
    },
    {
      "idx": 5,
      "nm": "吕绮玲",
      "dsp": "吕绮玲",
      "lv": 96,
      "exp": 1131,
      "intl": 126,
      "strg": 138,
      "chrm": 135,
      "attk": 32647,
      "dfnc": 8719,
      "spd": 305,
      "hp": 90854,
      "mxHp": 90854,
      "mor": 0,
      "army": "弩骑兵",
      "amftLvs": [
        96,
        96,
        96,
        96,
        1
      ],
      "x": 0,
      "y": 0,
      "skill": "伺机",
      "clr": "GOL",
      "star": 5,
      "phs": 3,
      "armm": [
        1,
        1,
        0,
        0
      ],
      "trss": [
        {
          "no": 1
        },
        {
          "no": 2
        },
        {
          "no": 4
        },
        {
          "no": 8
        },
        {
          "no": 5
        },
        {
          "no": 7
        },
        {
          "no": 3
        },
        {
          "no": 6
        },
        {
          "no": 10
        },
        {
          "no": 9
        },
        {
          "no": 12
        },
        {
          "no": 11
        },
        {
          "no": 13
        },
        {
          "no": 16
        },
        {
          "no": 14
        },
        {
          "no": 15
        },
        {
          "no": 17
        },
        {
          "no": 20
        },
        {
          "no": 18
        },
        {
          "no": 19
        }
      ],
      "power": 36841,
      "cfd": 8583,
      "flags": 0,
      "talentInfo": {
        "point": 0,
        "level": 100,
        "talents": [
          {
            "type": "军略",
            "level": 10
          },
          {
            "type": "学识",
            "level": 10
          },
          {
            "type": "将才",
            "level": 10
          },
          {
            "type": "勇武",
            "level": 10
          },
          {
            "type": "专攻",
            "level": 7
          },
          {
            "type": "灭欲",
            "level": 7
          },
          {
            "type": "破神",
            "level": 1
          },
          {
            "type": "保守",
            "level": 5
          },
          {
            "type": "夺势",
            "level": 1
          }
        ]
      },
      "afi": {
        "sta": "STR",
        "col": "PUR",
        "lvl": 30
      }
    },
    {
      "idx": 22,
      "nm": "马云禄",
      "dsp": "马云禄",
      "lv": 1,
      "exp": 0,
      "intl": 84,
      "strg": 101,
      "chrm": 95,
      "attk": 1834,
      "dfnc": 1168,
      "spd": 48,
      "hp": 16521,
      "mxHp": 16521,
      "mor": 0,
      "army": "西凉铁骑",
      "amftLvs": [
        1,
        1,
        1,
        1,
        1
      ],
      "x": 0,
      "y": 0,
      "skill": "骁骑",
      "clr": "WHI",
      "star": 4,
      "phs": 0,
      "armm": [
        0,
        0,
        0,
        0
      ],
      "power": 3457,
      "cfd": 1152,
      "flags": 0,
      "talentInfo": {
        "point": 0,
        "level": 0,
        "talents": []
      },
      "afi": {
        "sta": "NULL",
        "col": "GRE",
        "lvl": 0
      }
    },
    {
      "idx": 45,
      "nm": "鲁肃",
      "dsp": "鲁肃",
      "lv": 92,
      "exp": 183,
      "intl": 108,
      "strg": 84,
      "chrm": 100,
      "attk": 4347,
      "dfnc": 1704,
      "spd": 56,
      "hp": 20042,
      "mxHp": 20042,
      "mor": 0,
      "army": "长弓兵",
      "amftLvs": [
        1,
        1,
        1,
        1,
        1
      ],
      "x": 0,
      "y": 0,
      "skill": "犒赏",
      "clr": "WHI",
      "star": 4,
      "phs": 0,
      "armm": [
        0,
        0,
        0,
        0
      ],
      "power": 5664,
      "cfd": 2221,
      "flags": 0,
      "talentInfo": {
        "point": 0,
        "level": 0,
        "talents": []
      },
      "afi": {
        "sta": "NULL",
        "col": "GRE",
        "lvl": 0
      }
    },
    {
      "idx": 28,
      "nm": "钟会",
      "dsp": "钟会",
      "lv": 96,
      "exp": 116132,
      "intl": 125,
      "strg": 112,
      "chrm": 139,
      "attk": 18505,
      "dfnc": 11797,
      "spd": 397,
      "hp": 104851,
      "mxHp": 104851,
      "mor": 0,
      "army": "重骑兵",
      "amftLvs": [
        96,
        96,
        96,
        96,
        1
      ],
      "x": 0,
      "y": 0,
      "skill": "疾风",
      "clr": "GOL",
      "star": 5,
      "phs": 3,
      "armm": [
        1,
        1,
        0,
        0
      ],
      "trss": [
        {
          "no": 1
        },
        {
          "no": 3
        },
        {
          "no": 4
        },
        {
          "no": 2
        },
        {
          "no": 5
        },
        {
          "no": 7
        },
        {
          "no": 8
        },
        {
          "no": 6
        },
        {
          "no": 10
        },
        {
          "no": 12
        },
        {
          "no": 11
        },
        {
          "no": 9
        },
        {
          "no": 14
        },
        {
          "no": 13
        },
        {
          "no": 15
        },
        {
          "no": 16
        },
        {
          "no": 19
        },
        {
          "no": 17
        },
        {
          "no": 18
        },
        {
          "no": 20
        }
      ],
      "power": 32062,
      "cfd": 9867,
      "flags": 0,
      "talentInfo": {
        "point": 0,
        "level": 93,
        "talents": [
          {
            "type": "学识",
            "level": 10
          },
          {
            "type": "军略",
            "level": 10
          },
          {
            "type": "将才",
            "level": 10
          },
          {
            "type": "兵备",
            "level": 8
          },
          {
            "type": "军纪",
            "level": 7
          },
          {
            "type": "保守",
            "level": 5
          },
          {
            "type": "夺势",
            "level": 2
          }
        ]
      },
      "afi": {
        "sta": "NULL",
        "col": "GRE",
        "lvl": 0
      }
    },
    {
      "idx": 34,
      "nm": "华雄",
      "dsp": "华雄",
      "lv": 90,
      "exp": 322119,
      "intl": 84,
      "strg": 114,
      "chrm": 105,
      "attk": 10736,
      "dfnc": 6122,
      "spd": 180,
      "hp": 56197,
      "mxHp": 56197,
      "mor": 0,
      "army": "西凉铁骑",
      "amftLvs": [
        1,
        1,
        1,
        2,
        1
      ],
      "x": 0,
      "y": 0,
      "skill": "恸击",
      "clr": "GOL",
      "star": 5,
      "phs": 1,
      "armm": [
        0,
        0,
        0,
        0
      ],
      "power": 16174,
      "cfd": 6174,
      "flags": 0,
      "talentInfo": {
        "point": 0,
        "level": 0,
        "talents": []
      },
      "afi": {
        "sta": "PRE",
        "col": "GRE",
        "lvl": 0
      }
    },
    {
      "idx": 3,
      "nm": "贾诩",
      "dsp": "贾诩",
      "lv": 96,
      "exp": 2340,
      "intl": 138,
      "strg": 98,
      "chrm": 124,
      "attk": 20861,
      "dfnc": 6780,
      "spd": 316,
      "hp": 52259,
      "mxHp": 52259,
      "mor": 0,
      "army": "重弩兵",
      "amftLvs": [
        91,
        91,
        91,
        91,
        1
      ],
      "x": 0,
      "y": 0,
      "skill": "风切",
      "clr": "GOL",
      "star": 5,
      "phs": 3,
      "armm": [
        1,
        1,
        0,
        0
      ],
      "trss": [
        {
          "no": 1
        },
        {
          "no": 2
        },
        {
          "no": 3
        },
        {
          "no": 4
        },
        {
          "no": 8
        },
        {
          "no": 7
        },
        {
          "no": 6
        },
        {
          "no": 5
        },
        {
          "no": 12
        },
        {
          "no": 11
        },
        {
          "no": 10
        },
        {
          "no": 9
        },
        {
          "no": 16
        },
        {
          "no": 15
        },
        {
          "no": 14
        },
        {
          "no": 13
        }
      ],
      "power": 23963,
      "cfd": 5990,
      "flags": 0,
      "talentInfo": {
        "point": 0,
        "level": 50,
        "talents": [
          {
            "type": "学识",
            "level": 10
          },
          {
            "type": "协力",
            "level": 10
          },
          {
            "type": "保守",
            "level": 1
          },
          {
            "type": "军略",
            "level": 7
          },
          {
            "type": "勇武",
            "level": 5
          },
          {
            "type": "破神",
            "level": 2
          },
          {
            "type": "兵备",
            "level": 1
          }
        ]
      },
      "afi": {
        "sta": "STR",
        "col": "GRE",
        "lvl": 10
      }
    },
    {
      "idx": 20,
      "nm": "貂蝉",
      "dsp": "貂蝉",
      "lv": 96,
      "exp": 519,
      "intl": 145,
      "strg": 94,
      "chrm": 122,
      "attk": 23209,
      "dfnc": 7423,
      "spd": 341,
      "hp": 70384,
      "mxHp": 70384,
      "mor": 0,
      "army": "弩骑兵",
      "amftLvs": [
        71,
        73,
        72,
        60,
        1
      ],
      "x": 0,
      "y": 0,
      "skill": "魅惑",
      "clr": "GOL",
      "star": 5,
      "phs": 3,
      "armm": [
        1,
        1,
        0,
        0
      ],
      "trss": [
        {
          "no": 1
        },
        {
          "no": 4
        },
        {
          "no": 2
        },
        {
          "no": 3
        },
        {
          "no": 5
        },
        {
          "no": 7
        },
        {
          "no": 8
        },
        {
          "no": 6
        },
        {
          "no": 9
        },
        {
          "no": 13
        },
        {
          "no": 15
        },
        {
          "no": 14
        },
        {
          "no": 16
        },
        {
          "no": 12
        },
        {
          "no": 11
        },
        {
          "no": 19
        },
        {
          "no": 17
        },
        {
          "no": 20
        },
        {
          "no": 18
        },
        {
          "no": 10
        }
      ],
      "power": 28442,
      "cfd": 7219,
      "flags": 0,
      "talentInfo": {
        "point": 0,
        "level": 81,
        "talents": [
          {
            "type": "学识",
            "level": 10
          },
          {
            "type": "协力",
            "level": 10
          },
          {
            "type": "保守",
            "level": 10
          },
          {
            "type": "军略",
            "level": 1
          },
          {
            "type": "夺势",
            "level": 10
          }
        ]
      },
      "afi": {
        "sta": "STR",
        "col": "GRE",
        "lvl": 10
      }
    },
    {
      "idx": 43,
      "nm": "张飞",
      "dsp": "张飞",
      "lv": 1,
      "exp": 0,
      "intl": 74,
      "strg": 113,
      "chrm": 107,
      "attk": 2865,
      "dfnc": 834,
      "spd": 46,
      "hp": 17419,
      "mxHp": 17419,
      "mor": 0,
      "army": "游骑兵",
      "amftLvs": [
        1,
        1,
        1,
        1,
        1
      ],
      "x": 0,
      "y": 0,
      "skill": "破胆",
      "clr": "WHI",
      "star": 4,
      "phs": 0,
      "armm": [
        0,
        0,
        0,
        0
      ],
      "power": 3959,
      "cfd": 1209,
      "flags": 0,
      "talentInfo": {
        "point": 0,
        "level": 0,
        "talents": []
      },
      "afi": {
        "sta": "NULL",
        "col": "GRE",
        "lvl": 0
      }
    },
    {
      "idx": 26,
      "nm": "甄姬",
      "dsp": "甄姬",
      "lv": 80,
      "exp": 7297,
      "intl": 110,
      "strg": 68,
      "chrm": 97,
      "attk": 5072,
      "dfnc": 1558,
      "spd": 85,
      "hp": 17333,
      "mxHp": 17333,
      "mor": 0,
      "army": "重弩兵",
      "amftLvs": [
        48,
        48,
        1,
        1,
        1
      ],
      "x": 0,
      "y": 0,
      "skill": "七弦",
      "clr": "BLU",
      "star": 4,
      "phs": 0,
      "armm": [
        0,
        0,
        0,
        0
      ],
      "power": 6150,
      "cfd": 2343,
      "flags": 0,
      "talentInfo": {
        "point": 0,
        "level": 0,
        "talents": []
      },
      "afi": {
        "sta": "NULL",
        "col": "GRE",
        "lvl": 0
      }
    },
    {
      "idx": 49,
      "nm": "陆逊",
      "dsp": "陆逊",
      "lv": 80,
      "exp": 39610,
      "intl": 99,
      "strg": 66,
      "chrm": 97,
      "attk": 3774,
      "dfnc": 1488,
      "spd": 52,
      "hp": 18292,
      "mxHp": 18292,
      "mor": 0,
      "army": "长弓兵",
      "amftLvs": [
        1,
        1,
        1,
        1,
        1
      ],
      "x": 0,
      "y": 0,
      "skill": "火葬",
      "clr": "WHI",
      "star": 3,
      "phs": 0,
      "armm": [
        0,
        0,
        0,
        0
      ],
      "power": 5003,
      "cfd": 2005,
      "flags": 0,
      "talentInfo": {
        "point": 0,
        "level": 0,
        "talents": []
      },
      "afi": {
        "sta": "NULL",
        "col": "GRE",
        "lvl": 0
      }
    },
    {
      "idx": 1,
      "nm": "徐晃",
      "dsp": "徐晃",
      "lv": 95,
      "exp": 2249,
      "intl": 96,
      "strg": 110,
      "chrm": 104,
      "attk": 12324,
      "dfnc": 3854,
      "spd": 221,
      "hp": 46515,
      "mxHp": 46515,
      "mor": 0,
      "army": "禁卫军",
      "amftLvs": [
        55,
        55,
        50,
        1,
        1
      ],
      "x": 0,
      "y": 0,
      "skill": "草割",
      "clr": "GOL",
      "star": 5,
      "phs": 1,
      "armm": [
        0,
        0,
        0,
        0
      ],
      "power": 15444,
      "cfd": 5546,
      "flags": 0,
      "talentInfo": {
        "point": 0,
        "level": 0,
        "talents": []
      },
      "afi": {
        "sta": "NULL",
        "col": "GRE",
        "lvl": 0
      }
    },
    {
      "idx": 18,
      "nm": "吕布",
      "dsp": "吕布",
      "lv": 96,
      "exp": 3390,
      "intl": 109,
      "strg": 155,
      "chrm": 145,
      "attk": 28001,
      "dfnc": 13758,
      "spd": 352,
      "hp": 131538,
      "mxHp": 131538,
      "mor": 0,
      "army": "重骑兵",
      "amftLvs": [
        96,
        96,
        96,
        96,
        1
      ],
      "x": 0,
      "y": 0,
      "skill": "乱舞",
      "clr": "GOL",
      "star": 5,
      "phs": 3,
      "armm": [
        1,
        1,
        0,
        0
      ],
      "trss": [
        {
          "no": 1
        },
        {
          "no": 4
        },
        {
          "no": 2
        },
        {
          "no": 3
        },
        {
          "no": 5
        },
        {
          "no": 7
        },
        {
          "no": 6
        },
        {
          "no": 8
        },
        {
          "no": 10
        },
        {
          "no": 11
        },
        {
          "no": 9
        },
        {
          "no": 12
        },
        {
          "no": 13
        },
        {
          "no": 15
        },
        {
          "no": 16
        },
        {
          "no": 14
        },
        {
          "no": 19
        },
        {
          "no": 17
        },
        {
          "no": 20
        },
        {
          "no": 18
        }
      ],
      "power": 41191,
      "cfd": 11646,
      "flags": 0,
      "talentInfo": {
        "point": 0,
        "level": 81,
        "talents": [
          {
            "type": "勇武",
            "level": 10
          },
          {
            "type": "军略",
            "level": 10
          },
          {
            "type": "兵备",
            "level": 5
          },
          {
            "type": "学识",
            "level": 10
          },
          {
            "type": "协力",
            "level": 10
          },
          {
            "type": "专攻",
            "level": 1
          },
          {
            "type": "军纪",
            "level": 5
          },
          {
            "type": "破神",
            "level": 1
          },
          {
            "type": "保守",
            "level": 1
          }
        ]
      },
      "afi": {
        "sta": "STR",
        "col": "PUR",
        "lvl": 30
      }
    },
    {
      "idx": 41,
      "nm": "孙尚香",
      "dsp": "孙尚香",
      "lv": 95,
      "exp": 290711,
      "intl": 108,
      "strg": 108,
      "chrm": 88,
      "attk": 6397,
      "dfnc": 2316,
      "spd": 98,
      "hp": 21506,
      "mxHp": 21506,
      "mor": 0,
      "army": "长弓兵",
      "amftLvs": [
        1,
        1,
        1,
        1,
        1
      ],
      "x": 0,
      "y": 0,
      "skill": "箭岚",
      "clr": "BLU",
      "star": 5,
      "phs": 2,
      "armm": [
        1,
        0,
        0,
        0
      ],
      "power": 7549,
      "cfd": 2977,
      "flags": 0,
      "talentInfo": {
        "point": 0,
        "level": 0,
        "talents": []
      },
      "afi": {
        "sta": "NULL",
        "col": "GRE",
        "lvl": 0
      }
    },
    {
      "idx": 24,
      "nm": "庞德",
      "dsp": "庞德",
      "lv": 80,
      "exp": 39610,
      "intl": 83,
      "strg": 103,
      "chrm": 91,
      "attk": 3755,
      "dfnc": 2096,
      "spd": 48,
      "hp": 24708,
      "mxHp": 24708,
      "mor": 0,
      "army": "西凉铁骑",
      "amftLvs": [
        1,
        1,
        1,
        1,
        1
      ],
      "x": 0,
      "y": 0,
      "skill": "雷旋",
      "clr": "WHI",
      "star": 4,
      "phs": 0,
      "armm": [
        0,
        0,
        0,
        0
      ],
      "power": 5985,
      "cfd": 2527,
      "flags": 0,
      "talentInfo": {
        "point": 0,
        "level": 0,
        "talents": []
      },
      "afi": {
        "sta": "NULL",
        "col": "GRE",
        "lvl": 0
      }
    },
    {
      "idx": 47,
      "nm": "邓艾",
      "dsp": "邓艾",
      "lv": 1,
      "exp": 0,
      "intl": 93,
      "strg": 85,
      "chrm": 114,
      "attk": 2797,
      "dfnc": 812,
      "spd": 52,
      "hp": 17881,
      "mxHp": 17881,
      "mor": 0,
      "army": "游骑兵",
      "amftLvs": [
        1,
        1,
        1,
        1,
        1
      ],
      "x": 0,
      "y": 0,
      "skill": "飞渡",
      "clr": "WHI",
      "star": 4,
      "phs": 0,
      "armm": [
        0,
        0,
        0,
        0
      ],
      "power": 3970,
      "cfd": 1240,
      "flags": 0,
      "talentInfo": {
        "point": 0,
        "level": 0,
        "talents": []
      },
      "afi": {
        "sta": "NULL",
        "col": "GRE",
        "lvl": 0
      }
    },
    {
      "idx": 10,
      "nm": "黄月英",
      "dsp": "黄月英",
      "lv": 95,
      "exp": 10000,
      "intl": 124,
      "strg": 81,
      "chrm": 107,
      "attk": 10905,
      "dfnc": 3787,
      "spd": 208,
      "hp": 31602,
      "mxHp": 31602,
      "mor": 0,
      "army": "长弓兵",
      "amftLvs": [
        47,
        47,
        1,
        1,
        1
      ],
      "x": 0,
      "y": 0,
      "skill": "连弩",
      "clr": "GOL",
      "star": 5,
      "phs": 1,
      "armm": [
        0,
        0,
        0,
        0
      ],
      "power": 13390,
      "cfd": 4383,
      "flags": 0,
      "talentInfo": {
        "point": 0,
        "level": 50,
        "talents": [
          {
            "type": "学识",
            "level": 10
          },
          {
            "type": "协力",
            "level": 10
          },
          {
            "type": "保守",
            "level": 5
          },
          {
            "type": "夺势",
            "level": 3
          },
          {
            "type": "勇武",
            "level": 1
          }
        ]
      },
      "afi": {
        "sta": "MAKE",
        "col": "GRE",
        "lvl": 0
      }
    },
    {
      "idx": 16,
      "nm": "孟获",
      "dsp": "孟获",
      "lv": 80,
      "exp": 11700,
      "intl": 70,
      "strg": 103,
      "chrm": 106,
      "attk": 5995,
      "dfnc": 2773,
      "spd": 107,
      "hp": 31563,
      "mxHp": 31563,
      "mor": 0,
      "army": "丹阳兵",
      "amftLvs": [
        57,
        57,
        50,
        1,
        1
      ],
      "x": 0,
      "y": 0,
      "skill": "裂蹄",
      "clr": "PUR",
      "star": 4,
      "phs": 0,
      "armm": [
        0,
        0,
        0,
        0
      ],
      "power": 9151,
      "cfd": 3737,
      "flags": 0,
      "talentInfo": {
        "point": 0,
        "level": 0,
        "talents": []
      },
      "afi": {
        "sta": "NULL",
        "col": "GRE",
        "lvl": 0
      }
    },
    {
      "idx": 33,
      "nm": "吕蒙",
      "dsp": "吕蒙",
      "lv": 90,
      "exp": 14548,
      "intl": 98,
      "strg": 94,
      "chrm": 106,
      "attk": 4403,
      "dfnc": 2783,
      "spd": 53,
      "hp": 29577,
      "mxHp": 29577,
      "mor": 0,
      "army": "重骑兵",
      "amftLvs": [
        1,
        1,
        1,
        1,
        1
      ],
      "x": 0,
      "y": 0,
      "skill": "追杀",
      "clr": "WHI",
      "star": 4,
      "phs": 0,
      "armm": [
        0,
        0,
        0,
        0
      ],
      "power": 7759,
      "cfd": 2982,
      "flags": 0,
      "talentInfo": {
        "point": 0,
        "level": 0,
        "talents": []
      },
      "afi": {
        "sta": "PRE",
        "col": "GRE",
        "lvl": 0
      }
    },
    {
      "idx": 39,
      "nm": "太史慈",
      "dsp": "太史慈",
      "lv": 96,
      "exp": 2823,
      "intl": 107,
      "strg": 117,
      "chrm": 113,
      "attk": 11617,
      "dfnc": 8888,
      "spd": 318,
      "hp": 99057,
      "mxHp": 99057,
      "mor": 0,
      "army": "重盾兵",
      "amftLvs": [
        90,
        90,
        90,
        90,
        1
      ],
      "x": 0,
      "y": 0,
      "skill": "狂突",
      "clr": "GOL",
      "star": 5,
      "phs": 3,
      "armm": [
        1,
        1,
        0,
        0
      ],
      "trss": [
        {
          "no": 3
        },
        {
          "no": 5
        },
        {
          "no": 7
        },
        {
          "no": 8
        },
        {
          "no": 6
        },
        {
          "no": 1
        },
        {
          "no": 2
        },
        {
          "no": 16
        },
        {
          "no": 14
        },
        {
          "no": 15
        },
        {
          "no": 13
        },
        {
          "no": 4
        },
        {
          "no": 12
        }
      ],
      "power": 24492,
      "cfd": 9540,
      "flags": 0,
      "talentInfo": {
        "point": 0,
        "level": 54,
        "talents": [
          {
            "type": "学识",
            "level": 10
          },
          {
            "type": "保守",
            "level": 7
          },
          {
            "type": "夺势",
            "level": 7
          },
          {
            "type": "军略",
            "level": 5
          },
          {
            "type": "兵备",
            "level": 2
          }
        ]
      },
      "afi": {
        "sta": "STR",
        "col": "GRE",
        "lvl": 10
      }
    },
    {
      "idx": 8,
      "nm": "魏延",
      "dsp": "魏延",
      "lv": 80,
      "exp": 22672,
      "intl": 85,
      "strg": 103,
      "chrm": 94,
      "attk": 6020,
      "dfnc": 1990,
      "spd": 91,
      "hp": 27208,
      "mxHp": 27208,
      "mor": 0,
      "army": "禁卫军",
      "amftLvs": [
        41,
        41,
        1,
        1,
        1
      ],
      "x": 0,
      "y": 0,
      "skill": "逆命",
      "clr": "BLU",
      "star": 4,
      "phs": 1,
      "armm": [
        0,
        0,
        0,
        0
      ],
      "power": 7939,
      "cfd": 3163,
      "flags": 0,
      "talentInfo": {
        "point": 0,
        "level": 0,
        "talents": []
      },
      "afi": {
        "sta": "NULL",
        "col": "GRE",
        "lvl": 0
      }
    },
    {
      "idx": 14,
      "nm": "张郃",
      "dsp": "张郃",
      "lv": 90,
      "exp": 9956,
      "intl": 89,
      "strg": 111,
      "chrm": 110,
      "attk": 14060,
      "dfnc": 3985,
      "spd": 193,
      "hp": 50595,
      "mxHp": 50595,
      "mor": 0,
      "army": "游骑兵",
      "amftLvs": [
        42,
        42,
        1,
        1,
        1
      ],
      "x": 0,
      "y": 0,
      "skill": "先机",
      "clr": "GOL",
      "star": 5,
      "phs": 1,
      "armm": [
        0,
        0,
        0,
        0
      ],
      "power": 16635,
      "cfd": 5641,
      "flags": 0,
      "talentInfo": {
        "point": 0,
        "level": 0,
        "talents": []
      },
      "afi": {
        "sta": "PRE",
        "col": "GRE",
        "lvl": 0
      }
    },
    {
      "idx": 31,
      "nm": "颜良",
      "dsp": "颜良",
      "lv": 1,
      "exp": 0,
      "intl": 85,
      "strg": 102,
      "chrm": 89,
      "attk": 1560,
      "dfnc": 1130,
      "spd": 49,
      "hp": 16646,
      "mxHp": 16646,
      "mor": 0,
      "army": "陷阵兵",
      "amftLvs": [
        1,
        1,
        1,
        1,
        1
      ],
      "x": 0,
      "y": 0,
      "skill": "刚力",
      "clr": "WHI",
      "star": 4,
      "phs": 0,
      "armm": [
        0,
        0,
        0,
        0
      ],
      "power": 3285,
      "cfd": 1162,
      "flags": 0,
      "talentInfo": {
        "point": 0,
        "level": 0,
        "talents": []
      },
      "afi": {
        "sta": "NULL",
        "col": "GRE",
        "lvl": 0
      }
    },
    {
      "idx": 37,
      "nm": "司马懿",
      "dsp": "司马懿",
      "lv": 93,
      "exp": 5220,
      "intl": 120,
      "strg": 83,
      "chrm": 113,
      "attk": 4707,
      "dfnc": 2529,
      "spd": 70,
      "hp": 30055,
      "mxHp": 30055,
      "mor": 0,
      "army": "西凉铁骑",
      "amftLvs": [
        1,
        1,
        1,
        1,
        1
      ],
      "x": 0,
      "y": 0,
      "skill": "落石",
      "clr": "GRE",
      "star": 5,
      "phs": 0,
      "armm": [
        0,
        0,
        0,
        0
      ],
      "power": 7424,
      "cfd": 3198,
      "flags": 0,
      "talentInfo": {
        "point": 0,
        "level": 0,
        "talents": []
      },
      "afi": {
        "sta": "PRE",
        "col": "GRE",
        "lvl": 0
      }
    },
    {
      "idx": 6,
      "nm": "凌统",
      "dsp": "凌统",
      "lv": 92,
      "exp": 77444,
      "intl": 79,
      "strg": 96,
      "chrm": 104,
      "attk": 5843,
      "dfnc": 2537,
      "spd": 92,
      "hp": 30848,
      "mxHp": 30848,
      "mor": 0,
      "army": "丹阳兵",
      "amftLvs": [
        43,
        43,
        1,
        1,
        1
      ],
      "x": 0,
      "y": 0,
      "skill": "护卫",
      "clr": "BLU",
      "star": 4,
      "phs": 2,
      "armm": [
        1,
        1,
        0,
        0
      ],
      "power": 8541,
      "cfd": 3702,
      "flags": 0,
      "talentInfo": {
        "point": 0,
        "level": 0,
        "talents": []
      },
      "afi": {
        "sta": "PRE",
        "col": "GRE",
        "lvl": 0
      }
    },
    {
      "idx": 12,
      "nm": "徐庶",
      "dsp": "徐庶",
      "lv": 93,
      "exp": 137643,
      "intl": 105,
      "strg": 73,
      "chrm": 100,
      "attk": 5488,
      "dfnc": 1762,
      "spd": 71,
      "hp": 20531,
      "mxHp": 20531,
      "mor": 0,
      "army": "重弩兵",
      "amftLvs": [
        28,
        1,
        1,
        1,
        1
      ],
      "x": 0,
      "y": 0,
      "skill": "莫言",
      "clr": "GRE",
      "star": 4,
      "phs": 1,
      "armm": [
        0,
        0,
        0,
        0
      ],
      "power": 6573,
      "cfd": 2534,
      "flags": 0,
      "talentInfo": {
        "point": 0,
        "level": 0,
        "talents": []
      },
      "afi": {
        "sta": "PRE",
        "col": "GRE",
        "lvl": 0
      }
    },
    {
      "idx": 29,
      "nm": "荀攸",
      "dsp": "荀攸",
      "lv": 80,
      "exp": 19610,
      "intl": 104,
      "strg": 88,
      "chrm": 86,
      "attk": 4016,
      "dfnc": 1533,
      "spd": 54,
      "hp": 17892,
      "mxHp": 17892,
      "mor": 0,
      "army": "长弓兵",
      "amftLvs": [
        1,
        1,
        1,
        1,
        1
      ],
      "x": 0,
      "y": 0,
      "skill": "急救",
      "clr": "WHI",
      "star": 4,
      "phs": 0,
      "armm": [
        0,
        0,
        0,
        0
      ],
      "power": 5141,
      "cfd": 1978,
      "flags": 0,
      "talentInfo": {
        "point": 0,
        "level": 0,
        "talents": []
      },
      "afi": {
        "sta": "NULL",
        "col": "GRE",
        "lvl": 0
      }
    },
    {
      "idx": 35,
      "nm": "于禁",
      "dsp": "于禁",
      "lv": 80,
      "exp": 39610,
      "intl": 89,
      "strg": 93,
      "chrm": 98,
      "attk": 4827,
      "dfnc": 3218,
      "spd": 118,
      "hp": 35786,
      "mxHp": 35786,
      "mor": 0,
      "army": "陷阵兵",
      "amftLvs": [
        1,
        1,
        50,
        1,
        1
      ],
      "x": 0,
      "y": 0,
      "skill": "燃盾",
      "clr": "PUR",
      "star": 4,
      "phs": 0,
      "armm": [
        0,
        0,
        0,
        0
      ],
      "power": 8802,
      "cfd": 4103,
      "flags": 0,
      "talentInfo": {
        "point": 0,
        "level": 0,
        "talents": []
      },
      "afi": {
        "sta": "NULL",
        "col": "GRE",
        "lvl": 0
      }
    },
    {
      "idx": 4,
      "nm": "曹仁",
      "dsp": "曹仁",
      "lv": 96,
      "exp": 796,
      "intl": 103,
      "strg": 110,
      "chrm": 124,
      "attk": 9255,
      "dfnc": 8112,
      "spd": 283,
      "hp": 83228,
      "mxHp": 83228,
      "mor": 0,
      "army": "重盾兵",
      "amftLvs": [
        76,
        76,
        76,
        78,
        1
      ],
      "x": 0,
      "y": 0,
      "skill": "重整",
      "clr": "GOL",
      "star": 5,
      "phs": 3,
      "armm": [
        0,
        0,
        0,
        0
      ],
      "trss": [
        {
          "no": 1
        },
        {
          "no": 4
        },
        {
          "no": 2
        },
        {
          "no": 3
        },
        {
          "no": 7
        },
        {
          "no": 5
        },
        {
          "no": 8
        },
        {
          "no": 6
        }
      ],
      "power": 20708,
      "cfd": 8485,
      "flags": 0,
      "talentInfo": {
        "point": 0,
        "level": 50,
        "talents": [
          {
            "type": "学识",
            "level": 10
          },
          {
            "type": "协力",
            "level": 4
          },
          {
            "type": "军略",
            "level": 10
          },
          {
            "type": "保守",
            "level": 5
          },
          {
            "type": "夺势",
            "level": 4
          }
        ]
      },
      "afi": {
        "sta": "NULL",
        "col": "GRE",
        "lvl": 0
      }
    },
    {
      "idx": 21,
      "nm": "夏侯霸",
      "dsp": "夏侯霸",
      "lv": 1,
      "exp": 0,
      "intl": 93,
      "strg": 92,
      "chrm": 96,
      "attk": 2461,
      "dfnc": 729,
      "spd": 52,
      "hp": 15714,
      "mxHp": 15714,
      "mor": 0,
      "army": "禁卫军",
      "amftLvs": [
        1,
        1,
        1,
        1,
        1
      ],
      "x": 0,
      "y": 0,
      "skill": "霸剑",
      "clr": "WHI",
      "star": 4,
      "phs": 0,
      "armm": [
        0,
        0,
        0,
        0
      ],
      "power": 3502,
      "cfd": 1096,
      "flags": 0,
      "talentInfo": {
        "point": 0,
        "level": 0,
        "talents": []
      },
      "afi": {
        "sta": "NULL",
        "col": "GRE",
        "lvl": 0
      }
    },
    {
      "idx": 44,
      "nm": "诸葛亮",
      "dsp": "诸葛亮",
      "lv": 96,
      "exp": 1280,
      "intl": 157,
      "strg": 108,
      "chrm": 135,
      "attk": 27801,
      "dfnc": 7378,
      "spd": 371,
      "hp": 56539,
      "mxHp": 56539,
      "mor": 0,
      "army": "重弩兵",
      "amftLvs": [
        60,
        60,
        60,
        60,
        1
      ],
      "x": 0,
      "y": 0,
      "skill": "奇门",
      "clr": "GOL",
      "star": 5,
      "phs": 3,
      "armm": [
        1,
        1,
        0,
        0
      ],
      "trss": [
        {
          "no": 1
        },
        {
          "no": 4
        },
        {
          "no": 2
        },
        {
          "no": 3
        },
        {
          "no": 5
        },
        {
          "no": 7
        },
        {
          "no": 8
        },
        {
          "no": 6
        },
        {
          "no": 13
        },
        {
          "no": 16
        },
        {
          "no": 14
        },
        {
          "no": 15
        },
        {
          "no": 9
        },
        {
          "no": 17
        },
        {
          "no": 11
        },
        {
          "no": 19
        },
        {
          "no": 18
        },
        {
          "no": 12
        },
        {
          "no": 20
        },
        {
          "no": 10
        }
      ],
      "power": 29413,
      "cfd": 6276,
      "flags": 0,
      "talentInfo": {
        "point": 0,
        "level": 100,
        "talents": [
          {
            "type": "学识",
            "level": 10
          },
          {
            "type": "协力",
            "level": 10
          },
          {
            "type": "保守",
            "level": 8
          },
          {
            "type": "夺势",
            "level": 8
          },
          {
            "type": "勇武",
            "level": 10
          },
          {
            "type": "破神",
            "level": 4
          },
          {
            "type": "军略",
            "level": 10
          },
          {
            "type": "专攻",
            "level": 1
          }
        ]
      },
      "afi": {
        "sta": "STR",
        "col": "BLU",
        "lvl": 20
      }
    },
    {
      "idx": 27,
      "nm": "典韦",
      "dsp": "典韦",
      "lv": 80,
      "exp": 9610,
      "intl": 79,
      "strg": 110,
      "chrm": 93,
      "attk": 4048,
      "dfnc": 3210,
      "spd": 87,
      "hp": 33689,
      "mxHp": 33689,
      "mor": 0,
      "army": "重盾兵",
      "amftLvs": [
        1,
        1,
        1,
        1,
        1
      ],
      "x": 0,
      "y": 0,
      "skill": "夸耀",
      "clr": "BLU",
      "star": 4,
      "phs": 1,
      "armm": [
        1,
        1,
        1,
        0
      ],
      "power": 7859,
      "cfd": 3732,
      "flags": 0,
      "talentInfo": {
        "point": 0,
        "level": 0,
        "talents": []
      },
      "afi": {
        "sta": "PRE",
        "col": "GRE",
        "lvl": 0
      }
    },
    {
      "idx": 2,
      "nm": "许褚",
      "dsp": "许褚",
      "lv": 80,
      "exp": 45312,
      "intl": 80,
      "strg": 113,
      "chrm": 94,
      "attk": 4783,
      "dfnc": 2748,
      "spd": 86,
      "hp": 31378,
      "mxHp": 31378,
      "mor": 0,
      "army": "陷阵兵",
      "amftLvs": [
        53,
        53,
        1,
        1,
        1
      ],
      "x": 0,
      "y": 0,
      "skill": "恶神",
      "clr": "BLU",
      "star": 4,
      "phs": 1,
      "armm": [
        1,
        1,
        0,
        0
      ],
      "power": 7957,
      "cfd": 3535,
      "flags": 0,
      "talentInfo": {
        "point": 0,
        "level": 0,
        "talents": []
      },
      "afi": {
        "sta": "NULL",
        "col": "GRE",
        "lvl": 0
      }
    },
    {
      "idx": 19,
      "nm": "夏侯渊",
      "dsp": "夏侯渊",
      "lv": 91,
      "exp": 380000,
      "intl": 85,
      "strg": 103,
      "chrm": 95,
      "attk": 5420,
      "dfnc": 2049,
      "spd": 46,
      "hp": 25755,
      "mxHp": 25755,
      "mor": 0,
      "army": "弩骑兵",
      "amftLvs": [
        1,
        1,
        1,
        1,
        1
      ],
      "x": 0,
      "y": 0,
      "skill": "速杀",
      "clr": "WHI",
      "star": 4,
      "phs": 0,
      "armm": [
        0,
        0,
        0,
        0
      ],
      "power": 7374,
      "cfd": 2613,
      "flags": 0,
      "talentInfo": {
        "point": 0,
        "level": 0,
        "talents": []
      },
      "afi": {
        "sta": "NULL",
        "col": "GRE",
        "lvl": 0
      }
    },
    {
      "idx": 42,
      "nm": "马超",
      "dsp": "马超",
      "lv": 96,
      "exp": 58034,
      "intl": 110,
      "strg": 150,
      "chrm": 142,
      "attk": 27427,
      "dfnc": 10870,
      "spd": 324,
      "hp": 119134,
      "mxHp": 119134,
      "mor": 0,
      "army": "西凉铁骑",
      "amftLvs": [
        96,
        96,
        96,
        96,
        1
      ],
      "x": 0,
      "y": 0,
      "skill": "骑行",
      "clr": "GOL",
      "star": 5,
      "phs": 3,
      "armm": [
        1,
        1,
        0,
        0
      ],
      "trss": [
        {
          "no": 5
        },
        {
          "no": 8
        },
        {
          "no": 7
        },
        {
          "no": 6
        },
        {
          "no": 2
        },
        {
          "no": 14
        },
        {
          "no": 15
        },
        {
          "no": 1
        },
        {
          "no": 3
        },
        {
          "no": 16
        },
        {
          "no": 4
        },
        {
          "no": 13
        },
        {
          "no": 9
        },
        {
          "no": 11
        },
        {
          "no": 12
        },
        {
          "no": 10
        },
        {
          "no": 19
        },
        {
          "no": 18
        },
        {
          "no": 17
        },
        {
          "no": 20
        }
      ],
      "power": 37599,
      "cfd": 10719,
      "flags": 0,
      "talentInfo": {
        "point": 0,
        "level": 100,
        "talents": [
          {
            "type": "学识",
            "level": 10
          },
          {
            "type": "协力",
            "level": 10
          },
          {
            "type": "保守",
            "level": 6
          },
          {
            "type": "军略",
            "level": 10
          },
          {
            "type": "兵备",
            "level": 5
          },
          {
            "type": "勇武",
            "level": 10
          },
          {
            "type": "夺势",
            "level": 5
          },
          {
            "type": "军纪",
            "level": 3
          },
          {
            "type": "专攻",
            "level": 1
          },
          {
            "type": "破神",
            "level": 1
          }
        ]
      },
      "afi": {
        "sta": "STR",
        "col": "PUR",
        "lvl": 30
      }
    },
    {
      "idx": 25,
      "nm": "蔡文姬",
      "dsp": "蔡文姬",
      "lv": 96,
      "exp": 4446,
      "intl": 134,
      "strg": 89,
      "chrm": 128,
      "attk": 16485,
      "dfnc": 5888,
      "spd": 310,
      "hp": 57159,
      "mxHp": 57159,
      "mor": 0,
      "army": "长弓兵",
      "amftLvs": [
        91,
        91,
        91,
        91,
        1
      ],
      "x": 0,
      "y": 0,
      "skill": "琴音",
      "clr": "GOL",
      "star": 5,
      "phs": 3,
      "armm": [
        1,
        0,
        0,
        0
      ],
      "trss": [
        {
          "no": 1
        },
        {
          "no": 2
        },
        {
          "no": 3
        },
        {
          "no": 7
        },
        {
          "no": 5
        },
        {
          "no": 8
        },
        {
          "no": 6
        },
        {
          "no": 12
        },
        {
          "no": 10
        },
        {
          "no": 11
        },
        {
          "no": 9
        },
        {
          "no": 16
        },
        {
          "no": 14
        },
        {
          "no": 15
        },
        {
          "no": 4
        },
        {
          "no": 13
        }
      ],
      "power": 21378,
      "cfd": 6287,
      "flags": 0,
      "talentInfo": {
        "point": 0,
        "level": 53,
        "talents": [
          {
            "type": "学识",
            "level": 10
          },
          {
            "type": "军略",
            "level": 10
          },
          {
            "type": "将才",
            "level": 10
          },
          {
            "type": "保守",
            "level": 5
          },
          {
            "type": "夺势",
            "level": 1
          }
        ]
      },
      "afi": {
        "sta": "STR",
        "col": "GRE",
        "lvl": 10
      }
    },
    {
      "idx": 48,
      "nm": "黄忠",
      "dsp": "黄忠",
      "lv": 80,
      "exp": 49610,
      "intl": 82,
      "strg": 107,
      "chrm": 95,
      "attk": 3999,
      "dfnc": 1608,
      "spd": 47,
      "hp": 18525,
      "mxHp": 18525,
      "mor": 0,
      "army": "长弓兵",
      "amftLvs": [
        1,
        1,
        1,
        1,
        1
      ],
      "x": 0,
      "y": 0,
      "skill": "贯云",
      "clr": "WHI",
      "star": 4,
      "phs": 0,
      "armm": [
        0,
        0,
        0,
        0
      ],
      "power": 5217,
      "cfd": 2021,
      "flags": 0,
      "talentInfo": {
        "point": 0,
        "level": 0,
        "talents": []
      },
      "afi": {
        "sta": "NULL",
        "col": "GRE",
        "lvl": 0
      }
    },
    {
      "idx": 11,
      "nm": "周泰",
      "dsp": "周泰",
      "lv": 90,
      "exp": 24732,
      "intl": 83,
      "strg": 112,
      "chrm": 109,
      "attk": 7460,
      "dfnc": 6516,
      "spd": 202,
      "hp": 66330,
      "mxHp": 66330,
      "mor": 0,
      "army": "重盾兵",
      "amftLvs": [
        60,
        60,
        60,
        1,
        1
      ],
      "x": 0,
      "y": 0,
      "skill": "不屈",
      "clr": "GOL",
      "star": 5,
      "phs": 1,
      "armm": [
        0,
        0,
        0,
        0
      ],
      "trss": [
        {
          "no": 5
        },
        {
          "no": 7
        },
        {
          "no": 8
        },
        {
          "no": 6
        }
      ],
      "power": 15914,
      "cfd": 6992,
      "flags": 0,
      "talentInfo": {
        "point": 0,
        "level": 0,
        "talents": []
      },
      "afi": {
        "sta": "PRE",
        "col": "GRE",
        "lvl": 0
      }
    }
  ]
}